<?xml version="1.0" encoding="UTF-8"?>
<!-- Generated by org.testng.reporters.JUnitReportReporter -->
<testsuite skipped="0" hostname="ip-172-31-83-226" name="in.amazon.testscripts.BuyMobilePhoneTest" tests="1" failures="0" timestamp="11 Nov 2021 20:24:03 GMT" time="7.398" errors="0">
  <testcase name="buyMobile" time="7.398" classname="in.amazon.testscripts.BuyMobilePhoneTest"/>
</testsuite> <!-- in.amazon.testscripts.BuyMobilePhoneTest -->
